2022-12-15 22:18:41,201 - __main__ - INFO - {"status":200,"message":"ok"}
2022-12-15 22:18:41,553 - __main__ - INFO - {"status":200,"message":"ok"}
2022-12-15 22:18:41,928 - __main__ - INFO - {"status":200,"message":"ok"}
2022-12-15 22:18:42,278 - __main__ - INFO - {"status":200,"message":"ok"}
2022-12-15 22:18:42,622 - __main__ - INFO - {"status":200,"message":"ok"}
2022-12-15 22:20:30,866 - __main__ - INFO - ぼっち・ざ・ろっく！ 10 ;{"status":401,"message":"Invalid access token"}
2022-12-15 22:20:31,224 - __main__ - INFO - チェンソーマン 10 ;{"status":401,"message":"Invalid access token"}
2022-12-15 22:20:31,584 - __main__ - INFO - どろろ 24 ;{"status":401,"message":"Invalid access token"}
2022-12-15 22:20:31,888 - __main__ - INFO - 異世界おじさん 6 ;{"status":401,"message":"Invalid access token"}
2022-12-15 22:20:32,219 - __main__ - INFO - SPY×FAMILY 11 ;{"status":401,"message":"Invalid access token"}
2022-12-15 23:00:07,134 - __main__ - INFO - ぼっち・ざ・ろっく！ 10 ;{}
2022-12-15 23:00:07,314 - __main__ - INFO - チェンソーマン 10 ;{}
2022-12-15 23:00:07,519 - __main__ - INFO - どろろ 24 ;{}
2022-12-15 23:00:07,704 - __main__ - INFO - 異世界おじさん 6 ;{}
2022-12-15 23:00:07,912 - __main__ - INFO - SPY×FAMILY 11 ;{}
2022-12-15 16:23:56,755 - __main__ - INFO - ブルーロック 10 ;{}
2022-12-15 16:23:57,027 - __main__ - INFO - ぼっち・ざ・ろっく！ 10 ;{}
2022-12-17 15:07:08,271 - __main__ - INFO - SPY×FAMILY 12 ;{}
2022-12-17 18:08:36,111 - __main__ - INFO - ぼっち・ざ・ろっく！ 11 ;{}
2022-12-18 00:39:04,925 - __main__ - INFO - ブルーロック 11 ;{}
2022-12-21 11:53:39,141 - __main__ - INFO - チェンソーマン 11 ;{}
2022-12-24 15:07:13,394 - __main__ - INFO - SPY×FAMILY 13 ;{}
2022-12-26 12:13:58,705 - __main__ - INFO - ブルーロック 12 ;{}
2022-12-28 15:07:55,086 - __main__ - INFO - チェンソーマン 12 ;{}
2023-01-06 17:32:20,476 - __main__ - INFO - Dr.STONE NEW WORLD 0 ;{}
2023-01-06 17:32:20,802 - __main__ - INFO - 氷属性男子とクールな同僚女子 0 ;{}
2023-01-06 17:32:21,711 - __main__ - INFO - 久保さんは僕を許さない 0 ;{}
2023-01-06 17:32:22,084 - __main__ - INFO - 魔王学院の不適合者 ～史上最強の魔王の始祖、転生して子孫たちの学校へ通う～ II 0 ;{}
2023-01-06 17:32:22,430 - __main__ - INFO - 【推しの子】 0 ;{}
2023-01-06 17:32:22,745 - __main__ - INFO - スパイ教室 0 ;{}
2023-01-06 17:32:23,048 - __main__ - INFO - 東京リベンジャーズ 聖夜決戦編 0 ;{}
2023-01-06 21:07:13,675 - __main__ - INFO - モブサイコ100 II 0 ;{}
